d:\chaos-ray-tracing-homework\sourcecode\chaosraytracer\chaosraytracer\x64\debug\vc143.pdb
d:\chaos-ray-tracing-homework\sourcecode\chaosraytracer\chaosraytracer\x64\debug\vc143.idb
d:\chaos-ray-tracing-homework\sourcecode\chaosraytracer\chaosraytracer\x64\debug\texture.obj
d:\chaos-ray-tracing-homework\sourcecode\chaosraytracer\chaosraytracer\x64\debug\scene.obj
d:\chaos-ray-tracing-homework\sourcecode\chaosraytracer\chaosraytracer\x64\debug\main.obj
d:\chaos-ray-tracing-homework\sourcecode\chaosraytracer\chaosraytracer\x64\debug\constants.obj
d:\chaos-ray-tracing-homework\sourcecode\chaosraytracer\chaosraytracer\x64\debug\chaosraytracer.ilk
d:\chaos-ray-tracing-homework\sourcecode\chaosraytracer\chaosraytracer\x64\debug\main.obj.enc
d:\chaos-ray-tracing-homework\sourcecode\chaosraytracer\chaosraytracer\x64\debug\scene.obj.enc
d:\chaos-ray-tracing-homework\sourcecode\chaosraytracer\x64\debug\chaosraytracer.pdb
d:\chaos-ray-tracing-homework\sourcecode\chaosraytracer\chaosraytracer\x64\debug\chaosraytracer.tlog\cl.command.1.tlog
d:\chaos-ray-tracing-homework\sourcecode\chaosraytracer\chaosraytracer\x64\debug\chaosraytracer.tlog\cl.items.tlog
d:\chaos-ray-tracing-homework\sourcecode\chaosraytracer\chaosraytracer\x64\debug\chaosraytracer.tlog\cl.read.1.tlog
d:\chaos-ray-tracing-homework\sourcecode\chaosraytracer\chaosraytracer\x64\debug\chaosraytracer.tlog\cl.write.1.tlog
d:\chaos-ray-tracing-homework\sourcecode\chaosraytracer\chaosraytracer\x64\debug\chaosraytracer.tlog\link.53820-cvtres.read.1.tlog
d:\chaos-ray-tracing-homework\sourcecode\chaosraytracer\chaosraytracer\x64\debug\chaosraytracer.tlog\link.53820-cvtres.write.1.tlog
d:\chaos-ray-tracing-homework\sourcecode\chaosraytracer\chaosraytracer\x64\debug\chaosraytracer.tlog\link.53820-rc.read.1.tlog
d:\chaos-ray-tracing-homework\sourcecode\chaosraytracer\chaosraytracer\x64\debug\chaosraytracer.tlog\link.53820-rc.write.1.tlog
d:\chaos-ray-tracing-homework\sourcecode\chaosraytracer\chaosraytracer\x64\debug\chaosraytracer.tlog\link.53820.read.1.tlog
d:\chaos-ray-tracing-homework\sourcecode\chaosraytracer\chaosraytracer\x64\debug\chaosraytracer.tlog\link.53820.read.2.tlog
d:\chaos-ray-tracing-homework\sourcecode\chaosraytracer\chaosraytracer\x64\debug\chaosraytracer.tlog\link.53820.read.3.tlog
d:\chaos-ray-tracing-homework\sourcecode\chaosraytracer\chaosraytracer\x64\debug\chaosraytracer.tlog\link.53820.read.4.tlog
d:\chaos-ray-tracing-homework\sourcecode\chaosraytracer\chaosraytracer\x64\debug\chaosraytracer.tlog\link.53820.write.1.tlog
d:\chaos-ray-tracing-homework\sourcecode\chaosraytracer\chaosraytracer\x64\debug\chaosraytracer.tlog\link.command.1.tlog
d:\chaos-ray-tracing-homework\sourcecode\chaosraytracer\chaosraytracer\x64\debug\chaosraytracer.tlog\link.read.1.tlog
d:\chaos-ray-tracing-homework\sourcecode\chaosraytracer\chaosraytracer\x64\debug\chaosraytracer.tlog\link.secondary.1.tlog
d:\chaos-ray-tracing-homework\sourcecode\chaosraytracer\chaosraytracer\x64\debug\chaosraytracer.tlog\link.write.1.tlog
